<?xml version="1.0" encoding="UTF-8"?>
<!-- Generated by org.testng.reporters.JUnitReportReporter -->
<testsuite hostname="vijay" failures="0" tests="1" name="tests.LoginFunctionality" time="6.431" errors="0" timestamp="2024-07-12T16:04:19 EDT" skipped="0">
  <testcase classname="tests.LoginFunctionality" name="VerifyLoggingIntoTheApplicationUsingValidCredentials" time="6.431"/>
</testsuite> <!-- tests.LoginFunctionality -->
